[0820/105433:ERROR:crash_report_database_win.cc(412)] unexpected header
[0820/125842:ERROR:crash_report_database_win.cc(412)] unexpected header
[0820/125850:ERROR:crash_report_database_win.cc(412)] unexpected header
[0820/135721:ERROR:crash_report_database_win.cc(412)] unexpected header
[0820/135756:ERROR:crash_report_database_win.cc(412)] unexpected header
[0820/140721:ERROR:crash_report_database_win.cc(412)] unexpected header
[0820/140721:ERROR:crash_report_database_win.cc(412)] unexpected header
[0820/141221:ERROR:crash_report_database_win.cc(412)] unexpected header
[0820/142721:ERROR:crash_report_database_win.cc(412)] unexpected header
[0820/144221:ERROR:crash_report_database_win.cc(412)] unexpected header
[0820/145423:ERROR:process_info.cc(330)] VirtualQueryEx: Access is denied. (0x5)
[0820/145423:ERROR:process_info.cc(547)] ReadMemoryInfo failed
[0820/145423:ERROR:process_info.cc(608)] range at 0x778cab40, size 0x24 fully unreadable
[0820/145423:ERROR:process_info.cc(608)] range at 0x777cbc84, size 0x12 fully unreadable
[0820/145423:ERROR:process_info.cc(608)] range at 0x777cbc84, size 0x12 fully unreadable
[0820/145423:ERROR:process_info.cc(608)] range at 0x777cbc84, size 0x12 fully unreadable
[0820/145423:ERROR:process_info.cc(608)] range at 0x778c84b8, size 0x18 fully unreadable
[0820/145423:ERROR:process_info.cc(608)] range at 0x778c883c, size 0x20 fully unreadable
[0820/145423:ERROR:process_reader_win.cc(142)] SuspendThread: Access is denied. (0x5)
[0820/145423:ERROR:exception_snapshot_win.cc(88)] thread ID 1492 not found in process
[0820/145423:WARNING:crash_report_exception_handler.cc(60)] ProcessSnapshotWin::InitializeException failed
[0820/145423:ERROR:scoped_process_suspend.cc(38)] NtResumeProcess, ntstatus=-1073741558
[0820/145721:ERROR:crash_report_database_win.cc(412)] unexpected header
[0822/175807:ERROR:crash_report_database_win.cc(412)] unexpected header
[0827/111221:ERROR:crash_report_database_win.cc(412)] unexpected header
[0827/112221:ERROR:crash_report_database_win.cc(412)] unexpected header
[0827/112221:ERROR:crash_report_database_win.cc(412)] unexpected header
[0827/112721:ERROR:crash_report_database_win.cc(412)] unexpected header
[0827/114221:ERROR:crash_report_database_win.cc(412)] unexpected header
[0827/115721:ERROR:crash_report_database_win.cc(412)] unexpected header
[0827/121221:ERROR:crash_report_database_win.cc(412)] unexpected header
[0827/122721:ERROR:crash_report_database_win.cc(412)] unexpected header
[0827/125601:ERROR:crash_report_database_win.cc(412)] unexpected header
[0827/131101:ERROR:crash_report_database_win.cc(412)] unexpected header
[0827/132601:ERROR:crash_report_database_win.cc(412)] unexpected header
[0827/134101:ERROR:crash_report_database_win.cc(412)] unexpected header
[0827/135601:ERROR:crash_report_database_win.cc(412)] unexpected header
